**********************
PowerShell transcript start
Start time: 20251231112930
Username: AMR\barrontx
RunAs User: AMR\barrontx
Configuration Name: 
Machine: Fce-0-WVD10-48 (Microsoft Windows NT 10.0.22621.0)
Host Application: C:\Program Files\PowerShell\7\pwsh.dll
Process ID: 8284
PSVersion: 7.5.4
PSEdition: Core
GitCommitId: 7.5.4
OS: Microsoft Windows 10.0.22621
Platform: Win32NT
PSCompatibleVersions: 1.0, 2.0, 3.0, 4.0, 5.0, 5.1, 6.0, 7.0
PSRemotingProtocolVersion: 2.3
SerializationVersion: 1.1.0.1
WSManStackVersion: 3.0
**********************
Logging to: C:\Users\barrontx\AppData\Local\Temp\dotfiles-decommission-logs\decommission-20251231-112930.log
PowerShell version: 7.5.4
Script path: C:\Users\barrontx\AppData\Local\Temp\decommission-windows.ps1
Working directory: C:\Users\barrontx
Relocated flag: False
DryRun flag: False
All flag: False


======================================
  Windows Machine Decommission
======================================

This script will remove:
  - All cloned repositories
  - Git configuration and credentials
  - SSH configuration
  - PowerShell profile symlink
  - GitHub CLI authentication
  - Scoop packages and Scoop itself
  - Winget-installed apps from setup


==> 1. Repositories
    Found: C:\Users\barrontx\source\repos
      Contents: dev, devops-config, DigItDesignLibrary, everything, FrontEndFrameworks, Intel.FCE.ODS.Web, Notification, ODSAPI, personal, TemplateRenderingPOC

PS>TerminatingError(Remove-Item): "The running command stopped because the preference variable "ErrorActionPreference" or common parameter is set to Stop: The process cannot access the file 'C:\Users\barrontx\source\repos\dev\dotfiles' because it is being used by another process."

ERROR: The process cannot access the file 'C:\Users\barrontx\source\repos\dev\dotfiles' because it is being used by another process.
Line: 182
Command: Remove-Item -Path $repoPath -Recurse -Force

Log saved to: C:\Users\barrontx\AppData\Local\Temp\dotfiles-decommission-logs\decommission-20251231-112930.log
**********************
PowerShell transcript end
End time: 20251231112935
**********************
