**********************
PowerShell transcript start
Start time: 20251229064034
Username: AMR\barrontx
RunAs User: AMR\barrontx
Configuration Name: 
Machine: Fce-0-WVD10-48 (Microsoft Windows NT 10.0.22621.0)
Host Application: C:\Program Files\PowerShell\7\pwsh.dll
Process ID: 9880
PSVersion: 7.5.4
PSEdition: Core
GitCommitId: 7.5.4
OS: Microsoft Windows 10.0.22621
Platform: Win32NT
PSCompatibleVersions: 1.0, 2.0, 3.0, 4.0, 5.0, 5.1, 6.0, 7.0
PSRemotingProtocolVersion: 2.3
SerializationVersion: 1.1.0.1
WSManStackVersion: 3.0
**********************
Logging to: C:\Users\barrontx\AppData\Local\Temp\dotfiles-setup-logs\setup-20251229-064034.log

======================================
  Windows Development Setup
======================================

==> [1/16] Scoop Package Manager
    Installing Scoop...
Initializing...
Downloading...


Creating shim...
Adding ~\scoop\shims to your path.
Scoop was installed successfully!
Type 'scoop help' for instructions.
    [OK] Scoop installed
    Adding extras bucket...
Checking repo...
OK
The extras bucket was added successfully.

==> [2/16] Profile Selection
    Installing gum for interactive prompts...
Installing 'gum' (0.13.0) [64bit] from 'main' bucket
gm_Windows_x86_64.zip (1.1 MB) [>                                                                             ]   0%
gm_Windows_x86_64.zip (1.1 MB) [==============================================================================] 100%

Checking hash of
gm_Windows_x86_64.zip
 ...
ok.
Extracting
gm_Windows_x86_64.zip
 ...
done.
Linking ~\scoop\apps\gum\current => ~\scoop\apps\gum\0.13.0
Creating shim for 'gm'.
'gum' (0.13.0) was installed successfully!
    [OK] Profile: Did

==> [3/16] 1Password
    [OK] 1Password installed
PS>TerminatingError(New-Item): "The running command stopped because the preference variable "ErrorActionPreference" or common parameter is set to Stop: Access to the registry key 'HKEY_LOCAL_MACHINE\SOFTWARE\Policies\Microsoft\Edge\ExtensionInstallForcelist' is denied."

ERROR: Access to the registry key 'HKEY_LOCAL_MACHINE\SOFTWARE\Policies\Microsoft\Edge\ExtensionInstallForcelist' is denied.
Line: 220

See full log: C:\Users\barrontx\AppData\Local\Temp\dotfiles-setup-logs\setup-20251229-064034.log
**********************
PowerShell transcript end
End time: 20251229064107
**********************
