**********************
PowerShell transcript start
Start time: 20251229175947
Username: AMR\barrontx
RunAs User: AMR\barrontx
Configuration Name: 
Machine: Fce-0-WVD10-48 (Microsoft Windows NT 10.0.22621.0)
Host Application: C:\Program Files\PowerShell\7\pwsh.dll -noexit -command try { . "c:\Program Files\Microsoft VS Code\resources\app\out\vs\workbench\contrib\terminal\common\scripts\shellIntegration.ps1" } catch {}
Process ID: 15688
PSVersion: 7.5.4
PSEdition: Core
GitCommitId: 7.5.4
OS: Microsoft Windows 10.0.22621
Platform: Win32NT
PSCompatibleVersions: 1.0, 2.0, 3.0, 4.0, 5.0, 5.1, 6.0, 7.0
PSRemotingProtocolVersion: 2.3
SerializationVersion: 1.1.0.1
WSManStackVersion: 3.0
**********************
Logging to: C:\Users\barrontx\AppData\Local\Temp\dotfiles-setup-logs\setup-20251229-175947.log

======================================
  Windows Development Setup
======================================

==> [1/16] Scoop Package Manager
    [OK] Scoop installed
    Adding extras bucket...
WARN  The 'extras' bucket already exists. To add this bucket again, first remove it by running 'scoop bucket rm extras'.

==> [2/16] Profile Selection
    [OK] Profile: Personal

==> [3/16] 1Password
    [OK] 1Password installed
PS>TerminatingError(New-Item): "The running command stopped because the preference variable "ErrorActionPreference" or common parameter is set to Stop: Access to the registry key 'HKEY_LOCAL_MACHINE\SOFTWARE\Policies\Microsoft\Edge\ExtensionInstallForcelist' is denied."
    [SKIP] 1Password Edge extension (no admin access - install manually from Edge Add-ons)

==> [4/16] 1Password SSH Agent
    [OK] Windows OpenSSH Agent disabled

    ACTION REQUIRED:
    Enable 1Password SSH Agent
      1. Open 1Password
      2. Settings > Developer
      3. Enable 'Use the SSH Agent'



==> [5/16] Core CLI Tools
Installed apps:
    Installing git...
WARN  'git' (2.52.0) is already installed.
Use 'scoop update git' to install a new version.
Installed apps:
    Installing gh...
WARN  'gh' (2.83.2) is already installed.
Use 'scoop update gh' to install a new version.
Installed apps:
    Installing jq...
WARN  'jq' (1.8.1) is already installed.
Use 'scoop update jq' to install a new version.
Installed apps:
    Installing gum...
WARN  'gum' (0.13.0) is already installed.
Use 'scoop update gum' to install a new version.
Installed apps:
    Installing fnm...
WARN  'fnm' (1.38.1) is already installed.
Use 'scoop update fnm' to install a new version.
Installed apps:
    Installing uv...
WARN  'uv' (0.9.18) is already installed.
Use 'scoop update uv' to install a new version.
Installed apps:
    Installing starship...
WARN  'starship' (1.24.1) is already installed.
Use 'scoop update starship' to install a new version.

==> [6/16] GitHub Authentication
    [OK] Authenticated as contractcooker

==> [7/16] Clone Repositories
    SSH directory: C:\Users\barrontx\.ssh
    [OK] .ssh directory ready

    [OK] Git configured to use Windows OpenSSH
PS>TerminatingError(Select-String): "The running command stopped because the preference variable "ErrorActionPreference" or common parameter is set to Stop: The file C:\Users\barrontx\.ssh\known_hosts cannot be read: Could not find a part of the path 'C:\Users\barrontx\.ssh\known_hosts'."
    Adding GitHub to known_hosts...
    [DEBUG] knownHosts path: C:\Users\barrontx\.ssh\known_hosts
    [DEBUG] sshDir exists: True
    [DEBUG] sshDir value: C:\Users\barrontx\.ssh
PS>TerminatingError(Out-File): "Could not find a part of the path 'C:\Users\barrontx\.ssh\known_hosts'."
    [DEBUG] Write error: Could not find a part of the path 'C:\Users\barrontx\.ssh\known_hosts'.
PS>TerminatingError(Set-Content): "Could not find a part of the path 'C:\Users\barrontx\.ssh\known_hosts'."
    [DEBUG] Set-Content also failed: Could not find a part of the path 'C:\Users\barrontx\.ssh\known_hosts'.
    [SKIP] Could not write known_hosts file - you may be prompted on first SSH
    [OK] config repo exists
    Cloning dotfiles...
    [ERROR] Failed to clone dotfiles (exit code: 1)
PS>TerminatingError(): "System error."
**********************
PowerShell transcript end
End time: 20251229180024
**********************
